{
  "stats": {
    "suites": 1,
    "tests": 1,
    "passes": 0,
    "pending": 0,
    "failures": 1,
    "start": "2023-10-29T04:43:11.897Z",
    "end": "2023-10-29T04:43:21.233Z",
    "duration": 9336,
    "testsRegistered": 1,
    "passPercent": 0,
    "pendingPercent": 0,
    "other": 0,
    "hasOther": false,
    "skipped": 0,
    "hasSkipped": false
  },
  "results": [
    {
      "uuid": "18876b25-2047-4cf7-bb11-2543b0978207",
      "title": "",
      "fullFile": "cypress\\e2e\\TemplateTest.spec.js",
      "file": "cypress\\e2e\\TemplateTest.spec.js",
      "beforeHooks": [],
      "afterHooks": [],
      "tests": [],
      "suites": [
        {
          "uuid": "6a856675-345e-4100-8ad5-9492bee8c518",
          "title": "Test3",
          "fullFile": "",
          "file": "",
          "beforeHooks": [],
          "afterHooks": [],
          "tests": [
            {
              "title": "TemplatesTest",
              "fullTitle": "Test3 TemplatesTest",
              "timedOut": null,
              "duration": 9263,
              "state": "failed",
              "speed": null,
              "pass": false,
              "fail": true,
              "pending": false,
              "context": null,
              "code": "const tmplts = new _TemplatesPage.default();\ntmplts.clickTemplateMenu();\n//private\ntmplts.clickAddTemplateBtn();\ntmplts.clickSaveBtn();\ntmplts.verifyRequiredFieldTile();\ntmplts.verifyRequiredFieldType();\ntmplts.verifyRequiredFieldMessage();\nvar maxTitle = tmplts.randomStringGenerator(54);\ntmplts.setTitle(maxTitle);\ntmplts.verifyTitleMaxLimit();\ntmplts.clearTitle();\nvar validTitlePrivate = tmplts.randomStringGenerator(10);\ntmplts.setTitle(validTitlePrivate);\ntmplts.selectDropdownTypePrivate();\nvar validMessagePrivate = tmplts.randomStringGenerator(50);\ntmplts.setMessage(validMessagePrivate);\ntmplts.clickSaveBtn();\ntmplts.setSearchKeyword(validTitlePrivate);\ntmplts.getPrivateTopRow(validTitlePrivate);\ntmplts.clickMeatBallsMenu();\ntmplts.clickEdit();\nvar replaceTitlePrivate = tmplts.randomStringGenerator(10);\ntmplts.setTitle(replaceTitlePrivate);\ntmplts.verifyTypeFieldDisabled();\ntmplts.clickSaveBtn();\ntmplts.setSearchKeyword(replaceTitlePrivate);\ntmplts.getPrivateTopRow(replaceTitlePrivate);\ntmplts.clickMeatBallsMenu();\ntmplts.clickDuplicate();\ntmplts.clearTitle();\nvar duplicateTitlePrivate = tmplts.randomStringGenerator(10);\ntmplts.setTitle(duplicateTitlePrivate);\ntmplts.verifyTypeFieldEnabled();\ntmplts.clickSaveBtn();\ntmplts.setSearchKeyword(duplicateTitlePrivate);\ntmplts.clickMeatBallsMenu();\ntmplts.clickDelete();\ntmplts.clickConfirmDeleteBtn();\ntmplts.setSearchKeyword(duplicateTitlePrivate);\ntmplts.getPrivateDeleteTopRow(duplicateTitlePrivate);\n//shared with everyone\ntmplts.clickAddTemplateBtn();\nvar validTitleShared = tmplts.randomStringGenerator(10);\ntmplts.setTitle(validTitleShared);\ntmplts.selectDropdownTypeSharedWithEveryone();\nvar validMessageShared = tmplts.randomStringGenerator(50);\ntmplts.setMessage(validMessageShared);\ntmplts.clickSaveBtn();\ntmplts.clickSharedWithEveryoneTab();\ntmplts.setSearchKeyword(validTitleShared);\ntmplts.getSharedWithEveryOneTopRow(validTitleShared);\ntmplts.clickMeatBallsMenu();\ntmplts.clickEdit();\nvar replaceTitleShared = tmplts.randomStringGenerator(10);\ntmplts.setTitle(replaceTitleShared);\ntmplts.verifyTypeFieldDisabled();\ntmplts.clickSaveBtn();\ntmplts.setSearchKeyword(replaceTitleShared);\ntmplts.getSharedWithEveryOneTopRow(replaceTitleShared);\ntmplts.clickMeatBallsMenu();\ntmplts.clickDuplicate();\ntmplts.clearTitle();\nvar duplicateTitleShared = tmplts.randomStringGenerator(10);\ntmplts.setTitle(duplicateTitleShared);\ntmplts.verifyTypeFieldEnabled();\ntmplts.clickSaveBtn();\ntmplts.setSearchKeyword(duplicateTitleShared);\ntmplts.clickMeatBallsMenu();\ntmplts.clickDelete();\ntmplts.clickConfirmDeleteBtn();\ntmplts.setSearchKeyword(duplicateTitleShared);\ntmplts.getSharedWithEveryOneDeleteTopRow(duplicateTitleShared);",
              "err": {
                "message": "AssertionError: Timed out retrying after 4000ms: Expected to find element: `//div[text()='Templates']`, but never found it.",
                "estack": "AssertionError: Timed out retrying after 4000ms: Expected to find element: `//div[text()='Templates']`, but never found it.\n    at Templates.clickTemplateMenu (webpack://cypress/./cypress/pages/TemplatesPage.js:30:7)\n    at Context.eval (webpack://cypress/./cypress/e2e/TemplateTest.spec.js:9:7)",
                "diff": null
              },
              "uuid": "408db379-da00-42a2-b163-5fa5bf2682ae",
              "parentUUID": "6a856675-345e-4100-8ad5-9492bee8c518",
              "isHook": false,
              "skipped": false
            }
          ],
          "suites": [],
          "passes": [],
          "failures": [
            "408db379-da00-42a2-b163-5fa5bf2682ae"
          ],
          "pending": [],
          "skipped": [],
          "duration": 9263,
          "root": false,
          "rootEmpty": false,
          "_timeout": 2000
        }
      ],
      "passes": [],
      "failures": [],
      "pending": [],
      "skipped": [],
      "duration": 0,
      "root": true,
      "rootEmpty": true,
      "_timeout": 2000
    }
  ],
  "meta": {
    "mocha": {
      "version": "7.0.1"
    },
    "mochawesome": {
      "options": {
        "quiet": false,
        "reportFilename": "mochawesome",
        "saveHtml": false,
        "saveJson": true,
        "consoleReporter": "spec",
        "useInlineDiffs": false,
        "code": true
      },
      "version": "7.1.3"
    },
    "marge": {
      "options": {
        "reportDir": "cypress/results",
        "overwrite": false,
        "html": false,
        "json": true
      },
      "version": "6.2.0"
    }
  }
}