{
  "stats": {
    "suites": 1,
    "tests": 12,
    "passes": 12,
    "pending": 0,
    "failures": 0,
    "start": "2023-10-29T04:43:33.306Z",
    "end": "2023-10-29T04:48:13.236Z",
    "duration": 279930,
    "testsRegistered": 12,
    "passPercent": 100,
    "pendingPercent": 0,
    "other": 0,
    "hasOther": false,
    "skipped": 0,
    "hasSkipped": false
  },
  "results": [
    {
      "uuid": "4bb4565e-05b1-4e4a-b866-20b539ab378f",
      "title": "",
      "fullFile": "cypress\\e2e\\ContactsTest.spec.js",
      "file": "cypress\\e2e\\ContactsTest.spec.js",
      "beforeHooks": [],
      "afterHooks": [],
      "tests": [],
      "suites": [
        {
          "uuid": "bd7dae5f-36dc-4b3a-8b57-3835b7acccf3",
          "title": "Contacts",
          "fullFile": "",
          "file": "",
          "beforeHooks": [],
          "afterHooks": [],
          "tests": [
            {
              "title": "Verify Contacts Menu Page",
              "fullTitle": "Contacts Verify Contacts Menu Page",
              "timedOut": null,
              "duration": 23056,
              "state": "passed",
              "speed": "slow",
              "pass": true,
              "fail": false,
              "pending": false,
              "context": null,
              "code": "cp.clickOnContactsMenuButton();\ncy.wait(3000);\ncy.url().should('eq', 'https://uat-falkonsms-fe.azurewebsites.net/contacts');",
              "err": {},
              "uuid": "8c73b529-8525-48d7-bd99-3412ef2d2746",
              "parentUUID": "bd7dae5f-36dc-4b3a-8b57-3835b7acccf3",
              "isHook": false,
              "skipped": false
            },
            {
              "title": "Verify Add Contact Pop Up Window",
              "fullTitle": "Contacts Verify Add Contact Pop Up Window",
              "timedOut": null,
              "duration": 6717,
              "state": "passed",
              "speed": "medium",
              "pass": true,
              "fail": false,
              "pending": false,
              "context": null,
              "code": "cp.clickOnAddContactWindowButton();\ncy.wait(3000);\ncp.verifyAddContactWindow();\ncy.wait(3000);",
              "err": {},
              "uuid": "7fb61457-5be0-49ef-976a-f3a0fae3afc0",
              "parentUUID": "bd7dae5f-36dc-4b3a-8b57-3835b7acccf3",
              "isHook": false,
              "skipped": false
            },
            {
              "title": "Verify Blank Fields Validation Message In Add Contacts Window",
              "fullTitle": "Contacts Verify Blank Fields Validation Message In Add Contacts Window",
              "timedOut": null,
              "duration": 12954,
              "state": "passed",
              "speed": "slow",
              "pass": true,
              "fail": false,
              "pending": false,
              "context": null,
              "code": "cp.clickOnAddWindowCancelButton();\ncy.wait(3000);\ncp.clickOnAddContactWindowButton();\ncy.wait(3000);\ncp.clickOnAddWindowSaveButton();\ncy.wait(3000);\ncp.verifyFirstNameBlankFieldsInAddContactsWindow();\ncy.wait(3000);\ncp.verifyPhoneNumberBlankFieldsInAddContactsWindow();",
              "err": {},
              "uuid": "6c2f9a2b-4a8b-469b-ad10-b8eb2e319290",
              "parentUUID": "bd7dae5f-36dc-4b3a-8b57-3835b7acccf3",
              "isHook": false,
              "skipped": false
            },
            {
              "title": "Verify First and Last Name Exceed Character Limit Validation Message",
              "fullTitle": "Contacts Verify First and Last Name Exceed Character Limit Validation Message",
              "timedOut": null,
              "duration": 18184,
              "state": "passed",
              "speed": "slow",
              "pass": true,
              "fail": false,
              "pending": false,
              "context": null,
              "code": "cp.clickOnAddWindowCancelButton();\ncy.wait(3000);\ncp.clickOnAddContactWindowButton();\ncy.wait(3000);\nvar nameLimit = cp.randomStringGenerator(31);\ncp.inputFirstName(nameLimit);\ncy.wait(3000);\ncp.inputLastName(nameLimit);\ncy.wait(3000);\ncp.verifyFirstNameExceedCharacterLimit();\ncy.wait(3000);\ncp.verifyLastNameExceedCharacterLimit();",
              "err": {},
              "uuid": "c44c5359-3a4a-4670-a04b-2a2c4b03e6fa",
              "parentUUID": "bd7dae5f-36dc-4b3a-8b57-3835b7acccf3",
              "isHook": false,
              "skipped": false
            },
            {
              "title": "Verify Characters in Phone Number Input Validation Message",
              "fullTitle": "Contacts Verify Characters in Phone Number Input Validation Message",
              "timedOut": null,
              "duration": 13118,
              "state": "passed",
              "speed": "slow",
              "pass": true,
              "fail": false,
              "pending": false,
              "context": null,
              "code": "cp.clickOnAddWindowCancelButton();\ncy.wait(3000);\ncp.clickOnAddContactWindowButton();\ncy.wait(3000);\nvar phoneNumber1 = cp.randomCharacterGenerator(1);\ncp.inputPhoneNumber(phoneNumber1);\ncy.wait(3000);\ncp.verifyCharactersInPhoneNumber();",
              "err": {},
              "uuid": "93e5f366-cc60-4d13-8e95-bddb4b25a83d",
              "parentUUID": "bd7dae5f-36dc-4b3a-8b57-3835b7acccf3",
              "isHook": false,
              "skipped": false
            },
            {
              "title": "Verify Less Than 11 Characters In Phone Number Input Validation Message",
              "fullTitle": "Contacts Verify Less Than 11 Characters In Phone Number Input Validation Message",
              "timedOut": null,
              "duration": 11573,
              "state": "passed",
              "speed": "slow",
              "pass": true,
              "fail": false,
              "pending": false,
              "context": null,
              "code": "cp.clickOnAddWindowCancelButton();\ncy.wait(3000);\ncp.clickOnAddContactWindowButton();\ncy.wait(3000);\nvar phoneNumber11 = cp.randomNumberGenerator(8);\ncp.inputPhoneNumber(phoneNumber11);\ncy.wait(3000);\ncp.verifyLessThan11CharactersInPhoneNumber();",
              "err": {},
              "uuid": "b0aeb92e-cdf3-4d6f-897a-5a74e5dd0948",
              "parentUUID": "bd7dae5f-36dc-4b3a-8b57-3835b7acccf3",
              "isHook": false,
              "skipped": false
            },
            {
              "title": "Verify Invalid Email Input Validation Message",
              "fullTitle": "Contacts Verify Invalid Email Input Validation Message",
              "timedOut": null,
              "duration": 25994,
              "state": "passed",
              "speed": "slow",
              "pass": true,
              "fail": false,
              "pending": false,
              "context": null,
              "code": "cp.clickOnAddWindowCancelButton();\ncy.wait(3000);\ncp.clickOnAddContactWindowButton();\ncy.wait(3000);\nvar emailID = cp.randomInvalidEmailGenerator01(10);\ncp.inputEmail(emailID);\ncy.wait(3000);\ncp.verifyInvalidEmail();\ncy.wait(3000);\ncp.clickOnAddWindowCancelButton();\ncy.wait(3000);\ncp.clickOnAddContactWindowButton();\ncy.wait(3000);\nvar emailID = cp.randomInvalidEmailGenerator02(10);\ncp.inputEmail(emailID);\ncy.wait(3000);\ncp.verifyInvalidEmail();",
              "err": {},
              "uuid": "03246a4c-6b2d-40b6-be8a-e9aa405bf5ee",
              "parentUUID": "bd7dae5f-36dc-4b3a-8b57-3835b7acccf3",
              "isHook": false,
              "skipped": false
            },
            {
              "title": "Verify Addition of New Contact Functionality",
              "fullTitle": "Contacts Verify Addition of New Contact Functionality",
              "timedOut": null,
              "duration": 34342,
              "state": "passed",
              "speed": "slow",
              "pass": true,
              "fail": false,
              "pending": false,
              "context": null,
              "code": "cp.clickOnAddWindowCancelButton();\ncy.wait(3000);\ncp.clickOnAddContactWindowButton();\ncy.wait(3000);\nvar firstName = cp.randomStringGenerator(2);\ncp.inputFirstName(firstName);\ncy.wait(3000);\nvar lastName = cp.randomStringGenerator(2);\ncp.inputLastName(lastName);\ncy.wait(3000);\nvar phoneNumber = cp.randomNumberGenerator(10);\ncp.inputPhoneNumber(phoneNumber);\ncy.wait(3000);\nvar emailID = cp.randomEmailGenerator(10);\ncp.inputEmail(emailID);\ncp.contactAddedSuccessfullyMessage();\ncy.wait(3000);\ncp.verifyGridRowCount1();\ncy.wait(3000);",
              "err": {},
              "uuid": "ca45c1f2-50f0-425f-833b-809d8f7ef2f2",
              "parentUUID": "bd7dae5f-36dc-4b3a-8b57-3835b7acccf3",
              "isHook": false,
              "skipped": false
            },
            {
              "title": "Verify Modification of Existing Contact Functionality",
              "fullTitle": "Contacts Verify Modification of Existing Contact Functionality",
              "timedOut": null,
              "duration": 34634,
              "state": "passed",
              "speed": "slow",
              "pass": true,
              "fail": false,
              "pending": false,
              "context": null,
              "code": "cp.clickOnGridKebabMenuButton();\ncy.wait(3000);\ncp.clickOnGridKebabMenuEditButton();\ncy.wait(3000);\nvar firstName = cp.randomStringGenerator(2);\ncp.inputFirstName(firstName);\ncy.wait(3000);\nvar lastName = cp.randomStringGenerator(2);\ncp.inputLastName(lastName);\ncy.wait(3000);\nvar emailID = cp.randomEmailGenerator(10);\ncp.inputEmail(emailID);\ncy.wait(3000);\ncp.verifyAddContactsEditAction();\ncy.wait(3000);",
              "err": {},
              "uuid": "9d66e605-f60e-42f8-b4be-5ef37b816217",
              "parentUUID": "bd7dae5f-36dc-4b3a-8b57-3835b7acccf3",
              "isHook": false,
              "skipped": false
            },
            {
              "title": "Verify Existing Contact Block And Unblock Functionality",
              "fullTitle": "Contacts Verify Existing Contact Block And Unblock Functionality",
              "timedOut": null,
              "duration": 43485,
              "state": "passed",
              "speed": "slow",
              "pass": true,
              "fail": false,
              "pending": false,
              "context": null,
              "code": "cp.clickOnGridKebabMenuButton();\ncy.wait(3000);\ncp.clickOnGridKebabMenuBlockButton();\ncy.wait(3000);\ncp.verifyAddContactsBlockAction();",
              "err": {},
              "uuid": "f0d0ce3d-b233-4556-badd-30ca44a234fa",
              "parentUUID": "bd7dae5f-36dc-4b3a-8b57-3835b7acccf3",
              "isHook": false,
              "skipped": false
            },
            {
              "title": "Verify Existing Contact Share Functionality",
              "fullTitle": "Contacts Verify Existing Contact Share Functionality",
              "timedOut": null,
              "duration": 17385,
              "state": "passed",
              "speed": "slow",
              "pass": true,
              "fail": false,
              "pending": false,
              "context": null,
              "code": "cp.verifyAddContactsShareAction();",
              "err": {},
              "uuid": "94a068a5-9910-4d9c-958a-d9086fbf4c01",
              "parentUUID": "bd7dae5f-36dc-4b3a-8b57-3835b7acccf3",
              "isHook": false,
              "skipped": false
            },
            {
              "title": "Verify Existing Contact Switch Functionality",
              "fullTitle": "Contacts Verify Existing Contact Switch Functionality",
              "timedOut": null,
              "duration": 37778,
              "state": "passed",
              "speed": "slow",
              "pass": true,
              "fail": false,
              "pending": false,
              "context": null,
              "code": "cp.verifyAddContactsSwitchAction();",
              "err": {},
              "uuid": "cd7557f6-472e-4130-8792-866ff55d6634",
              "parentUUID": "bd7dae5f-36dc-4b3a-8b57-3835b7acccf3",
              "isHook": false,
              "skipped": false
            }
          ],
          "suites": [],
          "passes": [
            "8c73b529-8525-48d7-bd99-3412ef2d2746",
            "7fb61457-5be0-49ef-976a-f3a0fae3afc0",
            "6c2f9a2b-4a8b-469b-ad10-b8eb2e319290",
            "c44c5359-3a4a-4670-a04b-2a2c4b03e6fa",
            "93e5f366-cc60-4d13-8e95-bddb4b25a83d",
            "b0aeb92e-cdf3-4d6f-897a-5a74e5dd0948",
            "03246a4c-6b2d-40b6-be8a-e9aa405bf5ee",
            "ca45c1f2-50f0-425f-833b-809d8f7ef2f2",
            "9d66e605-f60e-42f8-b4be-5ef37b816217",
            "f0d0ce3d-b233-4556-badd-30ca44a234fa",
            "94a068a5-9910-4d9c-958a-d9086fbf4c01",
            "cd7557f6-472e-4130-8792-866ff55d6634"
          ],
          "failures": [],
          "pending": [],
          "skipped": [],
          "duration": 279220,
          "root": false,
          "rootEmpty": false,
          "_timeout": 2000
        }
      ],
      "passes": [],
      "failures": [],
      "pending": [],
      "skipped": [],
      "duration": 0,
      "root": true,
      "rootEmpty": true,
      "_timeout": 2000
    }
  ],
  "meta": {
    "mocha": {
      "version": "7.0.1"
    },
    "mochawesome": {
      "options": {
        "quiet": false,
        "reportFilename": "mochawesome",
        "saveHtml": false,
        "saveJson": true,
        "consoleReporter": "spec",
        "useInlineDiffs": false,
        "code": true
      },
      "version": "7.1.3"
    },
    "marge": {
      "options": {
        "reportDir": "cypress/results",
        "overwrite": false,
        "html": false,
        "json": true
      },
      "version": "6.2.0"
    }
  }
}