{
  "stats": {
    "suites": 1,
    "tests": 16,
    "passes": 12,
    "pending": 0,
    "failures": 4,
    "start": "2023-10-29T04:49:25.404Z",
    "end": "2023-10-29T04:58:20.999Z",
    "duration": 535595,
    "testsRegistered": 16,
    "passPercent": 75,
    "pendingPercent": 0,
    "other": 0,
    "hasOther": false,
    "skipped": 0,
    "hasSkipped": false
  },
  "results": [
    {
      "uuid": "58686462-4093-42cb-a56f-3fa62d775827",
      "title": "",
      "fullFile": "cypress\\e2e\\OrganizationTest.spec.js",
      "file": "cypress\\e2e\\OrganizationTest.spec.js",
      "beforeHooks": [],
      "afterHooks": [],
      "tests": [],
      "suites": [
        {
          "uuid": "eb36e399-ccdf-491a-a95b-78817587daf7",
          "title": "Organizations",
          "fullFile": "",
          "file": "",
          "beforeHooks": [],
          "afterHooks": [],
          "tests": [
            {
              "title": "verifyAdminLogin",
              "fullTitle": "Organizations verifyAdminLogin",
              "timedOut": null,
              "duration": 28092,
              "state": "failed",
              "speed": null,
              "pass": false,
              "fail": true,
              "pending": false,
              "context": null,
              "code": "const lp = new _LoginPage.default();\nlp.navigateLogin();\nlp.setUsername(\"Sysadm.uat@gmail.com\");\nlp.setPassword(\"Uat@@123\");\nlp.clickSubmit();\nlp.verifyValidLogin();",
              "err": {
                "message": "AssertionError: Timed out retrying after 4000ms: expected 'https://uat-falkonsms-fe.azurewebsites.net/phone-numbers' to equal 'https://uat-falkonsms-fe.azurewebsites.net/dashboard'",
                "estack": "AssertionError: Timed out retrying after 4000ms: expected 'https://uat-falkonsms-fe.azurewebsites.net/phone-numbers' to equal 'https://uat-falkonsms-fe.azurewebsites.net/dashboard'\n    at Login.verifyValidLogin (webpack://cypress/./cypress/pages/LoginPage.js:34:15)\n    at Context.eval (webpack://cypress/./cypress/e2e/OrganizationTest.spec.js:13:15)",
                "diff": "- 'https://uat-falkonsms-fe.azurewebsites.net/phone-numbers'\n+ 'https://uat-falkonsms-fe.azurewebsites.net/dashboard'\n"
              },
              "uuid": "1fd98274-3503-4416-aca3-ee30165bf5be",
              "parentUUID": "eb36e399-ccdf-491a-a95b-78817587daf7",
              "isHook": false,
              "skipped": false
            },
            {
              "title": "verifyOrganizationPage",
              "fullTitle": "Organizations verifyOrganizationPage",
              "timedOut": null,
              "duration": 17195,
              "state": "passed",
              "speed": "slow",
              "pass": true,
              "fail": false,
              "pending": false,
              "context": null,
              "code": "op.clickOnOrganizationButton();\nop.verifyOrganizationPage();",
              "err": {},
              "uuid": "e46121f6-959c-4e24-9191-66a512195a8f",
              "parentUUID": "eb36e399-ccdf-491a-a95b-78817587daf7",
              "isHook": false,
              "skipped": false
            },
            {
              "title": "verifyAddOrganizationWindow",
              "fullTitle": "Organizations verifyAddOrganizationWindow",
              "timedOut": null,
              "duration": 12027,
              "state": "passed",
              "speed": "slow",
              "pass": true,
              "fail": false,
              "pending": false,
              "context": null,
              "code": "op.clickOnAddOrganizationButton();\nop.verifyAddOrganizationTitle();",
              "err": {},
              "uuid": "7e233220-29a4-4f91-8dd1-e353e8b849be",
              "parentUUID": "eb36e399-ccdf-491a-a95b-78817587daf7",
              "isHook": false,
              "skipped": false
            },
            {
              "title": "verifyAddOrganizationBlankTextBoxMessages",
              "fullTitle": "Organizations verifyAddOrganizationBlankTextBoxMessages",
              "timedOut": null,
              "duration": 48107,
              "state": "passed",
              "speed": "slow",
              "pass": true,
              "fail": false,
              "pending": false,
              "context": null,
              "code": "op.clickOnAddOrganizationSaveButton();\nop.verifyAddOrganizationNameBlank();\nop.verifyAddOrganizationReferenceBlank();\nop.verifyAddOrganizationEmailBlank();\nop.verifyAddOrganizationMobileNumberBlank();\nop.verifyAddOrganizationIndustryBlank();\nop.verifyAddOrganizationHouseNumberBlank();\nop.verifyAddOrganizationStreetNameBlank();\nop.verifyAddOrganizationZipCodeBlank();\nop.verifyAddOrganizationCityBlank();\nop.verifyAddOrganizationStateBlank();\nop.verifyAddOrganizationCountryBlank();",
              "err": {},
              "uuid": "24d355be-ec37-4f4f-bf2e-53ca846838ec",
              "parentUUID": "eb36e399-ccdf-491a-a95b-78817587daf7",
              "isHook": false,
              "skipped": false
            },
            {
              "title": "verifyAddOrganizationNameCharacterLimit",
              "fullTitle": "Organizations verifyAddOrganizationNameCharacterLimit",
              "timedOut": null,
              "duration": 21759,
              "state": "passed",
              "speed": "slow",
              "pass": true,
              "fail": false,
              "pending": false,
              "context": null,
              "code": "var nameCharacter = op.randomStringUpperCaseGenerator(31);\nop.setAddOrganizationName(nameCharacter);\nop.clickOnAddOrganizationSaveButton();\nop.verifyAddOrganizationNameCharacterLimit();",
              "err": {},
              "uuid": "67b22ef3-36f8-473f-9b06-95e54cf2c393",
              "parentUUID": "eb36e399-ccdf-491a-a95b-78817587daf7",
              "isHook": false,
              "skipped": false
            },
            {
              "title": "verifyAddOrganizationReferenceCharacterLimit",
              "fullTitle": "Organizations verifyAddOrganizationReferenceCharacterLimit",
              "timedOut": null,
              "duration": 14372,
              "state": "passed",
              "speed": "slow",
              "pass": true,
              "fail": false,
              "pending": false,
              "context": null,
              "code": "var referenceCharacter = op.randomStringUpperCaseGenerator(11);\nop.setAddOrganizationReference(referenceCharacter);\nop.clickOnAddOrganizationSaveButton();\nop.verifyAddOrganizationReferenceCharacterLimit();",
              "err": {},
              "uuid": "dc4dbb11-439d-4d9a-8eb0-4021982c4104",
              "parentUUID": "eb36e399-ccdf-491a-a95b-78817587daf7",
              "isHook": false,
              "skipped": false
            },
            {
              "title": "verifyAddOrganizationEmailInvalidFormat",
              "fullTitle": "Organizations verifyAddOrganizationEmailInvalidFormat",
              "timedOut": null,
              "duration": 76846,
              "state": "passed",
              "speed": "slow",
              "pass": true,
              "fail": false,
              "pending": false,
              "context": null,
              "code": "var emailWithValue = op.randomStringLowerCaseGenerator(1);\nop.setAddOrganizationEmail(emailWithValue);\nop.clickOnAddOrganizationSaveButton();\nop.verifyAddOrganizationEmailInvalidFormat();\nop.setAddOrganizationEmail(emailWithValue + '@');\nop.clickOnAddOrganizationSaveButton();\nop.verifyAddOrganizationEmailInvalidFormat();\nop.setAddOrganizationEmail(emailWithValue + '@' + emailWithValue);\nop.clickOnAddOrganizationSaveButton();\nop.verifyAddOrganizationEmailInvalidFormat();\nop.setAddOrganizationEmail(emailWithValue + '@' + emailWithValue + '.');\nop.clickOnAddOrganizationSaveButton();\nop.verifyAddOrganizationEmailInvalidFormat();\nop.setAddOrganizationEmail(emailWithValue + '@' + emailWithValue + '.' + emailWithValue);\nop.clickOnAddOrganizationSaveButton();\nop.verifyAddOrganizationEmailInvalidFormat();",
              "err": {},
              "uuid": "48d77fef-9b86-4dfb-ba11-6c0383b89674",
              "parentUUID": "eb36e399-ccdf-491a-a95b-78817587daf7",
              "isHook": false,
              "skipped": false
            },
            {
              "title": "verifyAddOrganizationMobileNumberWith10Numbers",
              "fullTitle": "Organizations verifyAddOrganizationMobileNumberWith10Numbers",
              "timedOut": null,
              "duration": 13314,
              "state": "passed",
              "speed": "slow",
              "pass": true,
              "fail": false,
              "pending": false,
              "context": null,
              "code": "var invalidMobileNumber = op.randomNumberGenerator(10);\nop.setAddOrganizationMobileNumber(invalidMobileNumber);\nop.clickOnAddOrganizationSaveButton();\nop.verifyAddOrganizationMobileNumberInvalidFormat();",
              "err": {},
              "uuid": "6c8a791e-9e73-4def-a81e-f2e3899c6c0e",
              "parentUUID": "eb36e399-ccdf-491a-a95b-78817587daf7",
              "isHook": false,
              "skipped": false
            },
            {
              "title": "verifyAddOrganizationSuccessMessage",
              "fullTitle": "Organizations verifyAddOrganizationSuccessMessage",
              "timedOut": null,
              "duration": 60186,
              "state": "passed",
              "speed": "slow",
              "pass": true,
              "fail": false,
              "pending": false,
              "context": null,
              "code": "var name = op.randomStringUpperCaseGenerator(5);\nvar reference = op.randomStringUpperCaseGenerator(5);\nvar email = op.randomStringLowerCaseGenerator(3);\nvar mobileNumber = op.randomNumberGenerator(11);\nvar houseNumber = op.randomNumberGenerator(4);\nvar streetName = op.randomStringUpperCaseGenerator(8);\nop.setAddOrganizationName(name);\nop.setAddOrganizationReference(reference);\nop.setAddOrganizationEmail(email + '@' + email + '.' + email);\nop.setAddOrganizationMobileNumber(mobileNumber);\nop.setAddOrganizationIndustry();\nop.setAddOrganizationHouseNumber(houseNumber);\nop.setAddOrganizationStreetName(streetName);\nop.setAddOrganizationZipCode('77450');\nop.verifyAddOrganizationCityStateCountry();\nop.clickOnAddOrganizationSaveButton();\nop.verifyAddOrganizationSuccessMessage();",
              "err": {},
              "uuid": "1b0832ac-2f82-4c6d-ac84-00c64d866372",
              "parentUUID": "eb36e399-ccdf-491a-a95b-78817587daf7",
              "isHook": false,
              "skipped": false
            },
            {
              "title": "verifyAddOrganizationDuplicateNameMessage",
              "fullTitle": "Organizations verifyAddOrganizationDuplicateNameMessage",
              "timedOut": null,
              "duration": 63365,
              "state": "passed",
              "speed": "slow",
              "pass": true,
              "fail": false,
              "pending": false,
              "context": null,
              "code": "var reference = op.randomStringUpperCaseGenerator(5);\nvar email = op.randomStringLowerCaseGenerator(3);\nvar mobileNumber = op.randomNumberGenerator(11);\nvar houseNumber = op.randomNumberGenerator(4);\nvar streetName = op.randomStringUpperCaseGenerator(8);\nop.clickOnKebabMenuButton();\nop.clickOnKebabMenuEditButton();\nop.setAddOrganizationDuplicateName();\nop.setAddOrganizationReference(reference);\nop.setAddOrganizationEmail(email + '@' + email + '.' + email);\nop.setAddOrganizationMobileNumber(mobileNumber);\nop.setAddOrganizationIndustry();\nop.setAddOrganizationHouseNumber(houseNumber);\nop.setAddOrganizationStreetName(streetName);\nop.setAddOrganizationZipCode('77450');\nop.clickOnAddOrganizationSaveButton();\nop.verifyAddOrganizationDuplicateNameMessage();\nop.clickOnAddOrganizationCancelButton();",
              "err": {},
              "uuid": "d583621a-65d2-44d9-805e-689229a78678",
              "parentUUID": "eb36e399-ccdf-491a-a95b-78817587daf7",
              "isHook": false,
              "skipped": false
            },
            {
              "title": "verifyAddOrganizationDuplicateReferenceMessage",
              "fullTitle": "Organizations verifyAddOrganizationDuplicateReferenceMessage",
              "timedOut": null,
              "duration": 71730,
              "state": "passed",
              "speed": "slow",
              "pass": true,
              "fail": false,
              "pending": false,
              "context": null,
              "code": "var name = op.randomStringUpperCaseGenerator(5);\nvar email = op.randomStringLowerCaseGenerator(3);\nvar mobileNumber = op.randomNumberGenerator(11);\nvar houseNumber = op.randomNumberGenerator(4);\nvar streetName = op.randomStringUpperCaseGenerator(8);\nop.clickOnKebabMenuButton();\nop.clickOnKebabMenuEditButton();\nop.setAddOrganizationDuplicateReference();\nop.setAddOrganizationName(name);\nop.setAddOrganizationEmail(email + '@' + email + '.' + email);\nop.setAddOrganizationMobileNumber(mobileNumber);\nop.setAddOrganizationIndustry();\nop.setAddOrganizationHouseNumber(houseNumber);\nop.setAddOrganizationStreetName(streetName);\nop.setAddOrganizationZipCode('77450');\nop.clickOnAddOrganizationSaveButton();\nop.verifyAddOrganizationDuplicateReferenceMessage();\nop.clickOnAddOrganizationCancelButton();",
              "err": {},
              "uuid": "341b4dd5-5dda-414f-88b0-2bb57f3d9a37",
              "parentUUID": "eb36e399-ccdf-491a-a95b-78817587daf7",
              "isHook": false,
              "skipped": false
            },
            {
              "title": "verifyAddOrganizationEditedSuccessfully",
              "fullTitle": "Organizations verifyAddOrganizationEditedSuccessfully",
              "timedOut": null,
              "duration": 55579,
              "state": "passed",
              "speed": "slow",
              "pass": true,
              "fail": false,
              "pending": false,
              "context": null,
              "code": "var name = op.randomStringUpperCaseGenerator(5);\nvar reference = op.randomStringUpperCaseGenerator(5);\nvar email = op.randomStringLowerCaseGenerator(3);\nvar mobileNumber = op.randomNumberGenerator(11);\nvar houseNumber = op.randomNumberGenerator(4);\nvar streetName = op.randomStringUpperCaseGenerator(8);\nop.clickOnKebabMenuButton();\nop.clickOnKebabMenuEditButton();\nop.verifyAddOrganizationEditWindowTitle();\nop.verifyAddOrganizationEditWindowReferenceDisabled();\nop.setAddOrganizationName(name + '_OFF');\nop.setAddOrganizationEmail(email + '@' + email + '.' + email);\nop.setAddOrganizationMobileNumber(mobileNumber);\nop.setAddOrganizationIndustry();\nop.setAddOrganizationHouseNumber(houseNumber);\nop.setAddOrganizationStreetName(streetName);\nop.setAddOrganizationZipCode('77450');\nop.clickOnAddOrganizationSaveButton();\nop.verifyAddOrganizationEditSuccessMessage();",
              "err": {},
              "uuid": "5959eaef-ac58-4855-8801-81db699cbbc3",
              "parentUUID": "eb36e399-ccdf-491a-a95b-78817587daf7",
              "isHook": false,
              "skipped": false
            },
            {
              "title": "verifyAddOrganizationEnabledAndDisabledStatus",
              "fullTitle": "Organizations verifyAddOrganizationEnabledAndDisabledStatus",
              "timedOut": null,
              "duration": 21799,
              "state": "passed",
              "speed": "slow",
              "pass": true,
              "fail": false,
              "pending": false,
              "context": null,
              "code": "op.verifyAddOrganizationEnabledStatus();\nop.clickOnKebabMenuButton();\nop.clickOnKebabMenuDisableButton();\nop.verifyAddOrganizationDisableWindowText();\nop.clickOnDisableWindowDisable();\nop.verifyDisableSuccessfullyMessage();\nop.verifyAddOrganizationDisabledStatus();",
              "err": {},
              "uuid": "27a27447-8cb2-436e-aa98-34ecbe3409ce",
              "parentUUID": "eb36e399-ccdf-491a-a95b-78817587daf7",
              "isHook": false,
              "skipped": false
            },
            {
              "title": "verifyAddOrganization2FactorAuthenticationOff",
              "fullTitle": "Organizations verifyAddOrganization2FactorAuthenticationOff",
              "timedOut": null,
              "duration": 15201,
              "state": "failed",
              "speed": null,
              "pass": false,
              "fail": true,
              "pending": false,
              "context": null,
              "code": "op.clickOnKebabMenuButton();\nop.clickOnKebabMenuSettingsButton();\nop.verify2FactorAuthenticationText();\nop.verify2FactorAuthenticationCheckedStatus();\nop.clickOn2FactorAuthenticationCheckbox();\nop.verify2FactorAuthenticationTurnOffText();\nop.clickOn2FactorAuthenticationTurnOffButton();\nop.verify2FactorAuthenticationTurnOffSuccessMessage();\nop.clickOn2FactorAuthenticationTurnOffCancel();\nop.clickOnKebabMenuButton();\nop.clickOnKebabMenuSettingsButton();\nop.verify2FactorAuthenticationUnCheckedStatus();\nop.clickOn2FactorAuthenticationTurnOffCancel();",
              "err": {
                "message": "AssertionError: Timed out retrying after 4000ms: Expected to find element: `//p[@class='h3-regular color-settings-items-heading t-align-left']`, but never found it.",
                "estack": "AssertionError: Timed out retrying after 4000ms: Expected to find element: `//p[@class='h3-regular color-settings-items-heading t-align-left']`, but never found it.\n    at Organization.verify2FactorAuthenticationText (webpack://cypress/./cypress/pages/OrganizationPage.js:377:52)\n    at Context.eval (webpack://cypress/./cypress/e2e/OrganizationTest.spec.js:182:11)",
                "diff": null
              },
              "uuid": "38313e2b-49c3-47ff-bf52-f2ac939bb2a0",
              "parentUUID": "eb36e399-ccdf-491a-a95b-78817587daf7",
              "isHook": false,
              "skipped": false
            },
            {
              "title": "verifyAddOrganizationEnabledStatus",
              "fullTitle": "Organizations verifyAddOrganizationEnabledStatus",
              "timedOut": null,
              "duration": 7501,
              "state": "failed",
              "speed": null,
              "pass": false,
              "fail": true,
              "pending": false,
              "context": null,
              "code": "op.clickOnKebabMenuButton();\nop.clickOnKebabMenuEnableButton();\nop.verifyAddOrganizationEnableWindowText();\nop.clickOnEnableWindowEnable();\nop.verifyEnableSuccessfullyMessage();\nop.verifyAddOrganizationEnabledStatus();",
              "err": {
                "message": "CypressError: Timed out retrying after 4050ms: `cy.click()` failed because this element:\n\n`<span class=\"c-pointer\">...</span>`\n\nis being covered by another element:\n\n`<div class=\"MuiDialog-container MuiDialog-scrollPaper\" role=\"none presentation\" tabindex=\"-1\" style=\"opacity: 1; transition: opacity 225ms cubic-bezier(0.4, 0, 0.2, 1) 0ms;\">...</div>`\n\nFix this problem, or use {force: true} to disable error checking.\n\nhttps://on.cypress.io/element-cannot-be-interacted-with",
                "estack": "CypressError: Timed out retrying after 4050ms: `cy.click()` failed because this element:\n\n`<span class=\"c-pointer\">...</span>`\n\nis being covered by another element:\n\n`<div class=\"MuiDialog-container MuiDialog-scrollPaper\" role=\"none presentation\" tabindex=\"-1\" style=\"opacity: 1; transition: opacity 225ms cubic-bezier(0.4, 0, 0.2, 1) 0ms;\">...</div>`\n\nFix this problem, or use {force: true} to disable error checking.\n\nhttps://on.cypress.io/element-cannot-be-interacted-with\n    at ensureIsDescendent (https://uat-falkonsms-fe.azurewebsites.net/__cypress/runner/cypress_runner.js:111849:68)\n    at ensureDescendents (https://uat-falkonsms-fe.azurewebsites.net/__cypress/runner/cypress_runner.js:111900:5)\n    at ensureDescendentsAndScroll (https://uat-falkonsms-fe.azurewebsites.net/__cypress/runner/cypress_runner.js:111906:14)\n    at ensureElIsNotCovered (https://uat-falkonsms-fe.azurewebsites.net/__cypress/runner/cypress_runner.js:112037:5)\n    at runAllChecks (https://uat-falkonsms-fe.azurewebsites.net/__cypress/runner/cypress_runner.js:112217:52)\n    at retryActionability (https://uat-falkonsms-fe.azurewebsites.net/__cypress/runner/cypress_runner.js:112254:16)\n    at tryCatcher (https://uat-falkonsms-fe.azurewebsites.net/__cypress/runner/cypress_runner.js:1807:23)\n    at Promise.attempt.Promise.try (https://uat-falkonsms-fe.azurewebsites.net/__cypress/runner/cypress_runner.js:4315:29)\n    at whenStable (https://uat-falkonsms-fe.azurewebsites.net/__cypress/runner/cypress_runner.js:143192:68)\n    at <unknown> (https://uat-falkonsms-fe.azurewebsites.net/__cypress/runner/cypress_runner.js:143133:14)\n    at tryCatcher (https://uat-falkonsms-fe.azurewebsites.net/__cypress/runner/cypress_runner.js:1807:23)\n    at Promise._settlePromiseFromHandler (https://uat-falkonsms-fe.azurewebsites.net/__cypress/runner/cypress_runner.js:1519:31)\n    at Promise._settlePromise (https://uat-falkonsms-fe.azurewebsites.net/__cypress/runner/cypress_runner.js:1576:18)\n    at Promise._settlePromise0 (https://uat-falkonsms-fe.azurewebsites.net/__cypress/runner/cypress_runner.js:1621:10)\n    at Promise._settlePromises (https://uat-falkonsms-fe.azurewebsites.net/__cypress/runner/cypress_runner.js:1701:18)\n    at Promise._fulfill (https://uat-falkonsms-fe.azurewebsites.net/__cypress/runner/cypress_runner.js:1645:18)\n    at <unknown> (https://uat-falkonsms-fe.azurewebsites.net/__cypress/runner/cypress_runner.js:5450:46)\nFrom Your Spec Code:\n    at Organization.clickOnKebabMenuButton (webpack://cypress/./cypress/pages/OrganizationPage.js:86:36)\n    at Context.eval (webpack://cypress/./cypress/e2e/OrganizationTest.spec.js:196:11)",
                "diff": null
              },
              "uuid": "1e2f5993-e187-4b99-b60c-251e684eff5a",
              "parentUUID": "eb36e399-ccdf-491a-a95b-78817587daf7",
              "isHook": false,
              "skipped": false
            },
            {
              "title": "verifyAddOrganizationWithEnabledAnd2FactorAuthenticationON",
              "fullTitle": "Organizations verifyAddOrganizationWithEnabledAnd2FactorAuthenticationON",
              "timedOut": null,
              "duration": 7557,
              "state": "failed",
              "speed": null,
              "pass": false,
              "fail": true,
              "pending": false,
              "context": null,
              "code": "op.clickOnAddOrganizationButton();\nvar name = op.randomStringUpperCaseGenerator(5);\nvar reference = op.randomStringUpperCaseGenerator(5);\nvar email = op.randomStringLowerCaseGenerator(3);\nvar mobileNumber = op.randomNumberGenerator(11);\nvar houseNumber = op.randomNumberGenerator(4);\nvar streetName = op.randomStringUpperCaseGenerator(8);\nop.setAddOrganizationName(name + '_ON');\nop.setAddOrganizationReference(reference);\nop.setAddOrganizationEmail(email + '@' + email + '.' + email);\nop.setAddOrganizationMobileNumber(mobileNumber);\nop.setAddOrganizationIndustry();\nop.setAddOrganizationHouseNumber(houseNumber);\nop.setAddOrganizationStreetName(streetName);\nop.setAddOrganizationZipCode('77450');\nop.clickOnAddOrganizationSaveButton();\nop.verifyAddOrganizationSuccessMessage();\nop.verifyAddOrganizationEnabledStatus();\nop.clickOnKebabMenuButton();\nop.clickOnKebabMenuSettingsButton();\nop.verify2FactorAuthenticationCheckedStatus();",
              "err": {
                "message": "CypressError: Timed out retrying after 4050ms: `cy.click()` failed because this element:\n\n`<span class=\"my-auto \">Add Org...</span>`\n\nis being covered by another element:\n\n`<div class=\"MuiDialog-container MuiDialog-scrollPaper\" role=\"none presentation\" tabindex=\"-1\" style=\"opacity: 1; transition: opacity 225ms cubic-bezier(0.4, 0, 0.2, 1) 0ms;\">...</div>`\n\nFix this problem, or use {force: true} to disable error checking.\n\nhttps://on.cypress.io/element-cannot-be-interacted-with",
                "estack": "CypressError: Timed out retrying after 4050ms: `cy.click()` failed because this element:\n\n`<span class=\"my-auto \">Add Org...</span>`\n\nis being covered by another element:\n\n`<div class=\"MuiDialog-container MuiDialog-scrollPaper\" role=\"none presentation\" tabindex=\"-1\" style=\"opacity: 1; transition: opacity 225ms cubic-bezier(0.4, 0, 0.2, 1) 0ms;\">...</div>`\n\nFix this problem, or use {force: true} to disable error checking.\n\nhttps://on.cypress.io/element-cannot-be-interacted-with\n    at ensureIsDescendent (https://uat-falkonsms-fe.azurewebsites.net/__cypress/runner/cypress_runner.js:111849:68)\n    at ensureDescendents (https://uat-falkonsms-fe.azurewebsites.net/__cypress/runner/cypress_runner.js:111900:5)\n    at ensureDescendentsAndScroll (https://uat-falkonsms-fe.azurewebsites.net/__cypress/runner/cypress_runner.js:111906:14)\n    at ensureElIsNotCovered (https://uat-falkonsms-fe.azurewebsites.net/__cypress/runner/cypress_runner.js:112037:5)\n    at runAllChecks (https://uat-falkonsms-fe.azurewebsites.net/__cypress/runner/cypress_runner.js:112217:52)\n    at retryActionability (https://uat-falkonsms-fe.azurewebsites.net/__cypress/runner/cypress_runner.js:112254:16)\n    at tryCatcher (https://uat-falkonsms-fe.azurewebsites.net/__cypress/runner/cypress_runner.js:1807:23)\n    at Promise.attempt.Promise.try (https://uat-falkonsms-fe.azurewebsites.net/__cypress/runner/cypress_runner.js:4315:29)\n    at whenStable (https://uat-falkonsms-fe.azurewebsites.net/__cypress/runner/cypress_runner.js:143192:68)\n    at <unknown> (https://uat-falkonsms-fe.azurewebsites.net/__cypress/runner/cypress_runner.js:143133:14)\n    at tryCatcher (https://uat-falkonsms-fe.azurewebsites.net/__cypress/runner/cypress_runner.js:1807:23)\n    at Promise._settlePromiseFromHandler (https://uat-falkonsms-fe.azurewebsites.net/__cypress/runner/cypress_runner.js:1519:31)\n    at Promise._settlePromise (https://uat-falkonsms-fe.azurewebsites.net/__cypress/runner/cypress_runner.js:1576:18)\n    at Promise._settlePromise0 (https://uat-falkonsms-fe.azurewebsites.net/__cypress/runner/cypress_runner.js:1621:10)\n    at Promise._settlePromises (https://uat-falkonsms-fe.azurewebsites.net/__cypress/runner/cypress_runner.js:1701:18)\n    at Promise._fulfill (https://uat-falkonsms-fe.azurewebsites.net/__cypress/runner/cypress_runner.js:1645:18)\n    at <unknown> (https://uat-falkonsms-fe.azurewebsites.net/__cypress/runner/cypress_runner.js:5450:46)\nFrom Your Spec Code:\n    at Organization.clickOnAddOrganizationButton (webpack://cypress/./cypress/pages/OrganizationPage.js:71:42)\n    at Context.eval (webpack://cypress/./cypress/e2e/OrganizationTest.spec.js:205:11)",
                "diff": null
              },
              "uuid": "eaed5ed6-345b-43b4-8442-43c4ef2150bc",
              "parentUUID": "eb36e399-ccdf-491a-a95b-78817587daf7",
              "isHook": false,
              "skipped": false
            }
          ],
          "suites": [],
          "passes": [
            "e46121f6-959c-4e24-9191-66a512195a8f",
            "7e233220-29a4-4f91-8dd1-e353e8b849be",
            "24d355be-ec37-4f4f-bf2e-53ca846838ec",
            "67b22ef3-36f8-473f-9b06-95e54cf2c393",
            "dc4dbb11-439d-4d9a-8eb0-4021982c4104",
            "48d77fef-9b86-4dfb-ba11-6c0383b89674",
            "6c8a791e-9e73-4def-a81e-f2e3899c6c0e",
            "1b0832ac-2f82-4c6d-ac84-00c64d866372",
            "d583621a-65d2-44d9-805e-689229a78678",
            "341b4dd5-5dda-414f-88b0-2bb57f3d9a37",
            "5959eaef-ac58-4855-8801-81db699cbbc3",
            "27a27447-8cb2-436e-aa98-34ecbe3409ce"
          ],
          "failures": [
            "1fd98274-3503-4416-aca3-ee30165bf5be",
            "38313e2b-49c3-47ff-bf52-f2ac939bb2a0",
            "1e2f5993-e187-4b99-b60c-251e684eff5a",
            "eaed5ed6-345b-43b4-8442-43c4ef2150bc"
          ],
          "pending": [],
          "skipped": [],
          "duration": 534630,
          "root": false,
          "rootEmpty": false,
          "_timeout": 2000
        }
      ],
      "passes": [],
      "failures": [],
      "pending": [],
      "skipped": [],
      "duration": 0,
      "root": true,
      "rootEmpty": true,
      "_timeout": 2000
    }
  ],
  "meta": {
    "mocha": {
      "version": "7.0.1"
    },
    "mochawesome": {
      "options": {
        "quiet": false,
        "reportFilename": "mochawesome",
        "saveHtml": false,
        "saveJson": true,
        "consoleReporter": "spec",
        "useInlineDiffs": false,
        "code": true
      },
      "version": "7.1.3"
    },
    "marge": {
      "options": {
        "reportDir": "cypress/results",
        "overwrite": false,
        "html": false,
        "json": true
      },
      "version": "6.2.0"
    }
  }
}