{
  "stats": {
    "suites": 1,
    "tests": 11,
    "passes": 10,
    "pending": 0,
    "failures": 1,
    "start": "2023-10-29T05:02:51.193Z",
    "end": "2023-10-29T05:07:40.069Z",
    "duration": 288876,
    "testsRegistered": 11,
    "passPercent": 90.9090909090909,
    "pendingPercent": 0,
    "other": 0,
    "hasOther": false,
    "skipped": 0,
    "hasSkipped": false
  },
  "results": [
    {
      "uuid": "4c8096b8-84c9-4053-933a-463195812f70",
      "title": "",
      "fullFile": "cypress\\e2e\\UsersTest.spec.js",
      "file": "cypress\\e2e\\UsersTest.spec.js",
      "beforeHooks": [],
      "afterHooks": [],
      "tests": [],
      "suites": [
        {
          "uuid": "cb8fd3e6-eeff-4db9-b083-14f689cfff58",
          "title": "Users Module Test Suite",
          "fullFile": "",
          "file": "",
          "beforeHooks": [],
          "afterHooks": [],
          "tests": [
            {
              "title": "Verify Admin Login",
              "fullTitle": "Users Module Test Suite Verify Admin Login",
              "timedOut": null,
              "duration": 25045,
              "state": "failed",
              "speed": null,
              "pass": false,
              "fail": true,
              "pending": false,
              "context": "[\n  {\n    \"title\": \"cypress-mochawesome-reporter-videos-failed\",\n    \"value\": \"cypress\\\\e2e\\\\UsersTest.spec.js\"\n  },\n  {\n    \"title\": \"cypress-mochawesome-reporter-screenshots\",\n    \"value\": [\n      [\n        \"\\\\UsersTest.spec.js\\\\Users Module Test Suite -- Verify Admin Login (failed).png\"\n      ]\n    ]\n  }\n]",
              "code": "const lp = new _LoginPage.default();\nlp.navigateLogin();\nlp.setUsername('Sysadm.uat@gmail.com');\nlp.setPassword('Uat@@123');\nlp.clickSubmit();\nlp.verifyValidLogin();",
              "err": {
                "message": "AssertionError: Timed out retrying after 4000ms: expected 'https://uat-falkonsms-fe.azurewebsites.net/phone-numbers' to equal 'https://uat-falkonsms-fe.azurewebsites.net/dashboard'",
                "estack": "AssertionError: Timed out retrying after 4000ms: expected 'https://uat-falkonsms-fe.azurewebsites.net/phone-numbers' to equal 'https://uat-falkonsms-fe.azurewebsites.net/dashboard'\n    at Login.verifyValidLogin (webpack://cypress/./cypress/pages/LoginPage.js:34:15)\n    at Context.eval (webpack://cypress/./cypress/e2e/UsersTest.spec.js:14:11)",
                "diff": "- 'https://uat-falkonsms-fe.azurewebsites.net/phone-numbers'\n+ 'https://uat-falkonsms-fe.azurewebsites.net/dashboard'\n"
              },
              "uuid": "9df65bfb-8e9f-4147-9a62-b94b5c9a719d",
              "parentUUID": "cb8fd3e6-eeff-4db9-b083-14f689cfff58",
              "isHook": false,
              "skipped": false
            },
            {
              "title": "Verify Users Page",
              "fullTitle": "Users Module Test Suite Verify Users Page",
              "timedOut": null,
              "duration": 6441,
              "state": "passed",
              "speed": "medium",
              "pass": true,
              "fail": false,
              "pending": false,
              "context": "{\n  \"title\": \"cypress-mochawesome-reporter-videos-passed\",\n  \"value\": \"cypress\\\\e2e\\\\UsersTest.spec.js\"\n}",
              "code": "up.clickOnUsersButton();\nup.verifyUsersPage();",
              "err": {},
              "uuid": "faae1ffa-cce7-4e8f-ae12-0f6eb1b78ec5",
              "parentUUID": "cb8fd3e6-eeff-4db9-b083-14f689cfff58",
              "isHook": false,
              "skipped": false
            },
            {
              "title": "Verify Add User Window Title",
              "fullTitle": "Users Module Test Suite Verify Add User Window Title",
              "timedOut": null,
              "duration": 6373,
              "state": "passed",
              "speed": "medium",
              "pass": true,
              "fail": false,
              "pending": false,
              "context": "{\n  \"title\": \"cypress-mochawesome-reporter-videos-passed\",\n  \"value\": \"cypress\\\\e2e\\\\UsersTest.spec.js\"\n}",
              "code": "up.clickOnAddUserButton();\nup.verifyAddUserWindowTitle();",
              "err": {},
              "uuid": "ade3995c-7d5b-43e9-b419-31e563c9cf83",
              "parentUUID": "cb8fd3e6-eeff-4db9-b083-14f689cfff58",
              "isHook": false,
              "skipped": false
            },
            {
              "title": "Verify Add User Blank Fields Validation Message",
              "fullTitle": "Users Module Test Suite Verify Add User Blank Fields Validation Message",
              "timedOut": null,
              "duration": 21369,
              "state": "passed",
              "speed": "slow",
              "pass": true,
              "fail": false,
              "pending": false,
              "context": "{\n  \"title\": \"cypress-mochawesome-reporter-videos-passed\",\n  \"value\": \"cypress\\\\e2e\\\\UsersTest.spec.js\"\n}",
              "code": "up.clickOnAddUserSaveButton();\nup.verifyAddUserFirstNameBlank();\nup.verifyAddUserLastNameBlank();\nup.verifyAddUserEmailBlank();\nup.verifyAddUserOrganizationBlank();\nup.verifyAddUserPhoneNumberBlank();\nup.verifyAddUserRoleBlank();",
              "err": {},
              "uuid": "60b7283a-25f8-435a-a7b3-42b411d4d31d",
              "parentUUID": "cb8fd3e6-eeff-4db9-b083-14f689cfff58",
              "isHook": false,
              "skipped": false
            },
            {
              "title": "Verify Add User First and Last Name Character Limit",
              "fullTitle": "Users Module Test Suite Verify Add User First and Last Name Character Limit",
              "timedOut": null,
              "duration": 13978,
              "state": "passed",
              "speed": "slow",
              "pass": true,
              "fail": false,
              "pending": false,
              "context": "{\n  \"title\": \"cypress-mochawesome-reporter-videos-passed\",\n  \"value\": \"cypress\\\\e2e\\\\UsersTest.spec.js\"\n}",
              "code": "var firstName = up.randomStringUpperCaseGenerator(31);\nvar lastName = up.randomStringUpperCaseGenerator(31);\nup.setAddUserFirstName(firstName);\nup.setAddUserLastName(lastName);\nup.verifyAddUserFirstNameCharacterLimit();\nup.verifyAddUserLastNameCharacterLimit();",
              "err": {},
              "uuid": "1a85e3a9-6efd-4133-9289-33dd325126c8",
              "parentUUID": "cb8fd3e6-eeff-4db9-b083-14f689cfff58",
              "isHook": false,
              "skipped": false
            },
            {
              "title": "Verify Add User Email Invalid Format",
              "fullTitle": "Users Module Test Suite Verify Add User Email Invalid Format",
              "timedOut": null,
              "duration": 67394,
              "state": "passed",
              "speed": "slow",
              "pass": true,
              "fail": false,
              "pending": false,
              "context": "{\n  \"title\": \"cypress-mochawesome-reporter-videos-passed\",\n  \"value\": \"cypress\\\\e2e\\\\UsersTest.spec.js\"\n}",
              "code": "var emailWithValue = up.randomStringLowerCaseGenerator(1);\nup.setAddUserEmail(emailWithValue);\nup.clickOnAddUserSaveButton();\nup.verifyAddUserEmailInvalidFormat();\nup.setAddUserEmail(emailWithValue + '@');\nup.clickOnAddUserSaveButton();\nup.verifyAddUserEmailInvalidFormat();\nup.setAddUserEmail(emailWithValue + '@' + emailWithValue);\nup.clickOnAddUserSaveButton();\nup.verifyAddUserEmailInvalidFormat();\nup.setAddUserEmail(emailWithValue + '@' + emailWithValue + '.');\nup.clickOnAddUserSaveButton();\nup.verifyAddUserEmailInvalidFormat();\nup.setAddUserEmail(emailWithValue + '@' + emailWithValue + '.' + emailWithValue);\nup.clickOnAddUserSaveButton();\nup.verifyAddUserEmailInvalidFormat();",
              "err": {},
              "uuid": "b89a1ba9-7e59-4c43-97fb-64cf44899c16",
              "parentUUID": "cb8fd3e6-eeff-4db9-b083-14f689cfff58",
              "isHook": false,
              "skipped": false
            },
            {
              "title": "Verify New User Added Successfully",
              "fullTitle": "Users Module Test Suite Verify New User Added Successfully",
              "timedOut": null,
              "duration": 39158,
              "state": "passed",
              "speed": "slow",
              "pass": true,
              "fail": false,
              "pending": false,
              "context": "{\n  \"title\": \"cypress-mochawesome-reporter-videos-passed\",\n  \"value\": \"cypress\\\\e2e\\\\UsersTest.spec.js\"\n}",
              "code": "var firstName = up.randomStringUpperCaseGenerator(5);\nvar lastName = up.randomStringUpperCaseGenerator(5);\nvar email = up.randomStringLowerCaseGenerator(2);\nup.setAddUserFirstName(firstName);\nup.setAddUserLastName(lastName);\nup.setAddUserEmail(email + '@' + email + '.' + email);\nup.setAddUserOrganization('Three');\nup.setAddUserPhoneNumber('Lahiru');\nup.setAddUserRole('Admin');\nup.clickOnAddUserSaveButton();\nup.verifyAddUserAddedSuccessfully();\nup.setUserSearchbox(firstName + ' ' + lastName);\nup.verifyAddUserRowGridCount();",
              "err": {},
              "uuid": "84448d19-aa8f-4245-ac16-3bb3cc68bc97",
              "parentUUID": "cb8fd3e6-eeff-4db9-b083-14f689cfff58",
              "isHook": false,
              "skipped": false
            },
            {
              "title": "Verify Add User Re-Invite Functionality",
              "fullTitle": "Users Module Test Suite Verify Add User Re-Invite Functionality",
              "timedOut": null,
              "duration": 15797,
              "state": "passed",
              "speed": "slow",
              "pass": true,
              "fail": false,
              "pending": false,
              "context": "{\n  \"title\": \"cypress-mochawesome-reporter-videos-passed\",\n  \"value\": \"cypress\\\\e2e\\\\UsersTest.spec.js\"\n}",
              "code": "up.clickOnAddUserKebabMenuButton();\nup.clickOnAddUserKebabReInviteButton();\nup.verifyAddUserReInviteWindowText();\nup.clickOnAddUserWindowReInviteButton();\nup.verifyAddUserReInviteMailSuccessfully();",
              "err": {},
              "uuid": "0653dcec-4c7e-4112-8bdb-df838f8a7da6",
              "parentUUID": "cb8fd3e6-eeff-4db9-b083-14f689cfff58",
              "isHook": false,
              "skipped": false
            },
            {
              "title": "Verify Add User Lock and Unlock Functionality",
              "fullTitle": "Users Module Test Suite Verify Add User Lock and Unlock Functionality",
              "timedOut": null,
              "duration": 32777,
              "state": "passed",
              "speed": "slow",
              "pass": true,
              "fail": false,
              "pending": false,
              "context": "{\n  \"title\": \"cypress-mochawesome-reporter-videos-passed\",\n  \"value\": \"cypress\\\\e2e\\\\UsersTest.spec.js\"\n}",
              "code": "up.clickOnAddUserKebabMenuButton();\nup.clickOnAddUserKebabLockButton();\nup.verifyAddUserLockWindowText();\nup.clickOnAddUserWindowLockButton();\nup.verifyAddUserLockedSuccessfully();\nup.clickOnAddUserKebabMenuButton();\nup.clickOnAddUserKebabUnlockButton();\nup.verifyAddUserUnlockWindowText();\nup.clickOnAddUserWindowUnlockButton();\nup.verifyAddUserUnlockedSuccessfully();",
              "err": {},
              "uuid": "331a4b02-9cba-4b70-a2d0-33c860811dd4",
              "parentUUID": "cb8fd3e6-eeff-4db9-b083-14f689cfff58",
              "isHook": false,
              "skipped": false
            },
            {
              "title": "Verify Add User Edit Functionality",
              "fullTitle": "Users Module Test Suite Verify Add User Edit Functionality",
              "timedOut": null,
              "duration": 44452,
              "state": "passed",
              "speed": "slow",
              "pass": true,
              "fail": false,
              "pending": false,
              "context": "{\n  \"title\": \"cypress-mochawesome-reporter-videos-passed\",\n  \"value\": \"cypress\\\\e2e\\\\UsersTest.spec.js\"\n}",
              "code": "up.clickOnAddUserKebabMenuButton();\nup.clickOnAddUserKebabEditButton();\nup.verifyAddUserOrganizationTextBoxisDisabled();\nvar firstName = up.randomStringUpperCaseGenerator(5);\nvar lastName = up.randomStringUpperCaseGenerator(5);\nvar email = up.randomStringLowerCaseGenerator(2);\nup.setAddUserFirstName(firstName);\nup.setAddUserLastName(lastName);\nup.setAddUserEmail(email + '@' + email + '.' + email);\nup.setAddUserPhoneNumber('Lahiru');\nup.setAddUserRole('Admin');\nup.clickOnAddUserSaveButton();\nup.verifyAddUserUpdatedSuccessfully();\nup.setUserSearchbox(firstName + ' ' + lastName);\nup.verifyAddUserRowGridCount();",
              "err": {},
              "uuid": "4c64dc36-fdb2-4d68-a044-0656ab86ff17",
              "parentUUID": "cb8fd3e6-eeff-4db9-b083-14f689cfff58",
              "isHook": false,
              "skipped": false
            },
            {
              "title": "Verify Add User Delete Functionality",
              "fullTitle": "Users Module Test Suite Verify Add User Delete Functionality",
              "timedOut": null,
              "duration": 15657,
              "state": "passed",
              "speed": "slow",
              "pass": true,
              "fail": false,
              "pending": false,
              "context": "{\n  \"title\": \"cypress-mochawesome-reporter-videos-passed\",\n  \"value\": \"cypress\\\\e2e\\\\UsersTest.spec.js\"\n}",
              "code": "up.clickOnAddUserKebabMenuButton();\nup.clickOnAddUserKebabDeleteButton();\nup.verifyAddUserDeleteWindowText();\nup.clickOnAddUserWindowDeleteButton();\nup.verifyAddUserDeletedSuccessfully();",
              "err": {},
              "uuid": "192038f3-d0be-4331-b63e-dca12cccae77",
              "parentUUID": "cb8fd3e6-eeff-4db9-b083-14f689cfff58",
              "isHook": false,
              "skipped": false
            }
          ],
          "suites": [],
          "passes": [
            "faae1ffa-cce7-4e8f-ae12-0f6eb1b78ec5",
            "ade3995c-7d5b-43e9-b419-31e563c9cf83",
            "60b7283a-25f8-435a-a7b3-42b411d4d31d",
            "1a85e3a9-6efd-4133-9289-33dd325126c8",
            "b89a1ba9-7e59-4c43-97fb-64cf44899c16",
            "84448d19-aa8f-4245-ac16-3bb3cc68bc97",
            "0653dcec-4c7e-4112-8bdb-df838f8a7da6",
            "331a4b02-9cba-4b70-a2d0-33c860811dd4",
            "4c64dc36-fdb2-4d68-a044-0656ab86ff17",
            "192038f3-d0be-4331-b63e-dca12cccae77"
          ],
          "failures": [
            "9df65bfb-8e9f-4147-9a62-b94b5c9a719d"
          ],
          "pending": [],
          "skipped": [],
          "duration": 288441,
          "root": false,
          "rootEmpty": false,
          "_timeout": 2000
        }
      ],
      "passes": [],
      "failures": [],
      "pending": [],
      "skipped": [],
      "duration": 0,
      "root": true,
      "rootEmpty": true,
      "_timeout": 2000
    }
  ],
  "meta": {
    "mocha": {
      "version": "7.0.1"
    },
    "mochawesome": {
      "options": {
        "quiet": false,
        "reportFilename": "mochawesome",
        "saveHtml": false,
        "saveJson": true,
        "consoleReporter": "spec",
        "useInlineDiffs": false,
        "code": true
      },
      "version": "7.1.3"
    },
    "marge": {
      "options": {
        "reportDir": "cypress/results",
        "overwrite": false,
        "html": false,
        "json": true
      },
      "version": "6.2.0"
    }
  }
}